<?xml version="1.0" encoding="UTF-8"?>
<!-- Generated by org.testng.reporters.JUnitReportReporter -->
<testsuite hostname="ANAGELLI-LAP" name="com.training.selenium.batch.CrossBrowserTesting" tests="3" failures="0" timestamp="19 Jul 2016 08:14:57 GMT" time="110.493" errors="0">
  <testcase name="checkYahooLoginOnBrowser" time="33.567" classname="com.training.selenium.batch.CrossBrowserTesting"/>
  <testcase name="checkYahooLoginOnBrowser" time="27.996" classname="com.training.selenium.batch.CrossBrowserTesting"/>
  <testcase name="checkYahooLoginOnBrowser" time="48.930" classname="com.training.selenium.batch.CrossBrowserTesting"/>
</testsuite> <!-- com.training.selenium.batch.CrossBrowserTesting -->
