<?xml version="1.0" encoding="UTF-8"?>
<!-- Generated by org.testng.reporters.JUnitReportReporter -->
<testsuite hostname="ANAGELLI-LAP" name="com.training.selenium.batch.MultipleBrowserSupport" tests="1" failures="0" timestamp="19 Jul 2016 08:33:48 GMT" time="63.844" errors="0">
  <testcase name="verifypassportoffices" time="63.844" classname="com.training.selenium.batch.MultipleBrowserSupport"/>
</testsuite> <!-- com.training.selenium.batch.MultipleBrowserSupport -->
